# JRE version: OpenJDK Runtime Environment (8.0_152-b01) (build 1.8.0_152-release-915-b01)
# Java VM: OpenJDK 64-Bit Server VM (25.152-b01 mixed mode windows-amd64 compressed oops)
Heap:
 PSYoungGen      total 344064K, used 203702K [0x00000000e0000000, 0x00000000fb700000, 0x0000000100000000)
  eden space 301568K, 55% used [0x00000000e0000000,0x00000000ea3a6130,0x00000000f2680000)
  from space 42496K, 85% used [0x00000000f2680000,0x00000000f49c77c8,0x00000000f5000000)
  to   space 46080K, 0% used [0x00000000f8a00000,0x00000000f8a00000,0x00000000fb700000)
 ParOldGen       total 165376K, used 51342K [0x00000000a0000000, 0x00000000aa180000, 0x00000000e0000000)
  object space 165376K, 31% used [0x00000000a0000000,0x00000000a3223888,0x00000000aa180000)
 Metaspace       used 77910K, capacity 82032K, committed 82176K, reserved 1120256K
  class space    used 9930K, capacity 10941K, committed 11008K, reserved 1048576K
GC Heap History (10 events):
Event: 138.915 GC heap before
{Heap before GC invocations=20 (full 3):
 PSYoungGen      total 289280K, used 283990K [0x00000000e0000000, 0x00000000f3900000, 0x0000000100000000)
  eden space 262144K, 100% used [0x00000000e0000000,0x00000000f0000000,0x00000000f0000000)
  from space 27136K, 80% used [0x00000000f1e80000,0x00000000f33d5bc8,0x00000000f3900000)
  to   space 29184K, 0% used [0x00000000f0000000,0x00000000f0000000,0x00000000f1c80000)
 ParOldGen       total 165376K, used 48384K [0x00000000a0000000, 0x00000000aa180000, 0x00000000e0000000)
  object space 165376K, 29% used [0x00000000a0000000,0x00000000a2f40028,0x00000000aa180000)
 Metaspace       used 73351K, capacity 77410K, committed 77696K, reserved 1116160K
  class space    used 9568K, capacity 10564K, committed 10624K, reserved 1048576K
Event: 138.944 GC heap after
Heap after GC invocations=20 (full 3):
 PSYoungGen      total 291328K, used 23363K [0x00000000e0000000, 0x00000000f4e80000, 0x0000000100000000)
  eden space 262144K, 0% used [0x00000000e0000000,0x00000000e0000000,0x00000000f0000000)
  from space 29184K, 80% used [0x00000000f0000000,0x00000000f16d0ea0,0x00000000f1c80000)
  to   space 31232K, 0% used [0x00000000f3000000,0x00000000f3000000,0x00000000f4e80000)
 ParOldGen       total 165376K, used 48392K [0x00000000a0000000, 0x00000000aa180000, 0x00000000e0000000)
  object space 165376K, 29% used [0x00000000a0000000,0x00000000a2f42028,0x00000000aa180000)
 Metaspace       used 73351K, capacity 77410K, committed 77696K, reserved 1116160K
  class space    used 9568K, capacity 10564K, committed 10624K, reserved 1048576K
}
Event: 158.090 GC heap before
{Heap before GC invocations=21 (full 3):
 PSYoungGen      total 291328K, used 285507K [0x00000000e0000000, 0x00000000f4e80000, 0x0000000100000000)
  eden space 262144K, 100% used [0x00000000e0000000,0x00000000f0000000,0x00000000f0000000)
  from space 29184K, 80% used [0x00000000f0000000,0x00000000f16d0ea0,0x00000000f1c80000)
  to   space 31232K, 0% used [0x00000000f3000000,0x00000000f3000000,0x00000000f4e80000)
 ParOldGen       total 165376K, used 48392K [0x00000000a0000000, 0x00000000aa180000, 0x00000000e0000000)
  object space 165376K, 29% used [0x00000000a0000000,0x00000000a2f42028,0x00000000aa180000)
 Metaspace       used 77364K, capacity 81508K, committed 81664K, reserved 1120256K
  class space    used 9929K, capacity 10941K, committed 11008K, reserved 1048576K
Event: 158.142 GC heap after
Heap after GC invocations=21 (full 3):
 PSYoungGen      total 306176K, used 31202K [0x00000000e0000000, 0x00000000f5680000, 0x0000000100000000)
  eden space 274944K, 0% used [0x00000000e0000000,0x00000000e0000000,0x00000000f0c80000)
  from space 31232K, 99% used [0x00000000f3000000,0x00000000f4e78948,0x00000000f4e80000)
  to   space 36352K, 0% used [0x00000000f0c80000,0x00000000f0c80000,0x00000000f3000000)
 ParOldGen       total 165376K, used 51070K [0x00000000a0000000, 0x00000000aa180000, 0x00000000e0000000)
  object space 165376K, 30% used [0x00000000a0000000,0x00000000a31df870,0x00000000aa180000)
 Metaspace       used 77364K, capacity 81508K, committed 81664K, reserved 1120256K
  class space    used 9929K, capacity 10941K, committed 11008K, reserved 1048576K
}
Event: 160.213 GC heap before
{Heap before GC invocations=22 (full 3):
 PSYoungGen      total 306176K, used 306146K [0x00000000e0000000, 0x00000000f5680000, 0x0000000100000000)
  eden space 274944K, 100% used [0x00000000e0000000,0x00000000f0c80000,0x00000000f0c80000)
  from space 31232K, 99% used [0x00000000f3000000,0x00000000f4e78948,0x00000000f4e80000)
  to   space 36352K, 0% used [0x00000000f0c80000,0x00000000f0c80000,0x00000000f3000000)
 ParOldGen       total 165376K, used 51070K [0x00000000a0000000, 0x00000000aa180000, 0x00000000e0000000)
  object space 165376K, 30% used [0x00000000a0000000,0x00000000a31df870,0x00000000aa180000)
 Metaspace       used 77797K, capacity 81968K, committed 82176K, reserved 1120256K
  class space    used 9929K, capacity 10941K, committed 11008K, reserved 1048576K
Event: 160.262 GC heap after
Heap after GC invocations=22 (full 3):
 PSYoungGen      total 311296K, used 30069K [0x00000000e0000000, 0x00000000f7600000, 0x0000000100000000)
  eden space 274944K, 0% used [0x00000000e0000000,0x00000000e0000000,0x00000000f0c80000)
  from space 36352K, 82% used [0x00000000f0c80000,0x00000000f29dd468,0x00000000f3000000)
  to   space 38912K, 0% used [0x00000000f5000000,0x00000000f5000000,0x00000000f7600000)
 ParOldGen       total 165376K, used 51078K [0x00000000a0000000, 0x00000000aa180000, 0x00000000e0000000)
  object space 165376K, 30% used [0x00000000a0000000,0x00000000a31e1870,0x00000000aa180000)
 Metaspace       used 77797K, capacity 81968K, committed 82176K, reserved 1120256K
  class space    used 9929K, capacity 10941K, committed 11008K, reserved 1048576K
}
Event: 161.785 GC heap before
{Heap before GC invocations=23 (full 3):
 PSYoungGen      total 311296K, used 305013K [0x00000000e0000000, 0x00000000f7600000, 0x0000000100000000)
  eden space 274944K, 100% used [0x00000000e0000000,0x00000000f0c80000,0x00000000f0c80000)
  from space 36352K, 82% used [0x00000000f0c80000,0x00000000f29dd468,0x00000000f3000000)
  to   space 38912K, 0% used [0x00000000f5000000,0x00000000f5000000,0x00000000f7600000)
 ParOldGen       total 165376K, used 51078K [0x00000000a0000000, 0x00000000aa180000, 0x00000000e0000000)
  object space 165376K, 30% used [0x00000000a0000000,0x00000000a31e1870,0x00000000aa180000)
 Metaspace       used 77884K, capacity 82032K, committed 82176K, reserved 1120256K
  class space    used 9930K, capacity 10941K, committed 11008K, reserved 1048576K
Event: 161.838 GC heap after
Heap after GC invocations=23 (full 3):
 PSYoungGen      total 340480K, used 32557K [0x00000000e0000000, 0x00000000f8900000, 0x0000000100000000)
  eden space 301568K, 0% used [0x00000000e0000000,0x00000000e0000000,0x00000000f2680000)
  from space 38912K, 83% used [0x00000000f5000000,0x00000000f6fcb7b8,0x00000000f7600000)
  to   space 42496K, 0% used [0x00000000f2680000,0x00000000f2680000,0x00000000f5000000)
 ParOldGen       total 165376K, used 51342K [0x00000000a0000000, 0x00000000aa180000, 0x00000000e0000000)
  object space 165376K, 31% used [0x00000000a0000000,0x00000000a3223888,0x00000000aa180000)
 Metaspace       used 77884K, capacity 82032K, committed 82176K, reserved 1120256K
  class space    used 9930K, capacity 10941K, committed 11008K, reserved 1048576K
}
Event: 163.334 GC heap before
{Heap before GC invocations=24 (full 3):
 PSYoungGen      total 340480K, used 334125K [0x00000000e0000000, 0x00000000f8900000, 0x0000000100000000)
  eden space 301568K, 100% used [0x00000000e0000000,0x00000000f2680000,0x00000000f2680000)
  from space 38912K, 83% used [0x00000000f5000000,0x00000000f6fcb7b8,0x00000000f7600000)
  to   space 42496K, 0% used [0x00000000f2680000,0x00000000f2680000,0x00000000f5000000)
 ParOldGen       total 165376K, used 51342K [0x00000000a0000000, 0x00000000aa180000, 0x00000000e0000000)
  object space 165376K, 31% used [0x00000000a0000000,0x00000000a3223888,0x00000000aa180000)
 Metaspace       used 77905K, capacity 82032K, committed 82176K, reserved 1120256K
  class space    used 9930K, capacity 10941K, committed 11008K, reserved 1048576K
Event: 163.395 GC heap after
Heap after GC invocations=24 (full 3):
 PSYoungGen      total 344064K, used 36125K [0x00000000e0000000, 0x00000000fb700000, 0x0000000100000000)
  eden space 301568K, 0% used [0x00000000e0000000,0x00000000e0000000,0x00000000f2680000)
  from space 42496K, 85% used [0x00000000f2680000,0x00000000f49c77c8,0x00000000f5000000)
  to   space 46080K, 0% used [0x00000000f8a00000,0x00000000f8a00000,0x00000000fb700000)
 ParOldGen       total 165376K, used 51342K [0x00000000a0000000, 0x00000000aa180000, 0x00000000e0000000)
  object space 165376K, 31% used [0x00000000a0000000,0x00000000a3223888,0x00000000aa180000)
 Metaspace       used 77905K, capacity 82032K, committed 82176K, reserved 1120256K
  class space    used 9930K, capacity 10941K, committed 11008K, reserved 1048576K
}

